0 info it worked if it ends with ok
1 verbose cli [ 'C:\\Program Files\\nodejs\\node.exe',
1 verbose cli   'C:\\Program Files\\nodejs\\node_modules\\npm\\bin\\npm-cli.js',
1 verbose cli   'install',
1 verbose cli   '--save',
1 verbose cli   'oracledb' ]
2 info using npm@3.10.3
3 info using node@v6.3.1
4 silly loadCurrentTree Starting
5 silly install loadCurrentTree
6 silly install readLocalPackageData
7 silly fetchPackageMetaData oracledb
8 silly fetchNamedPackageData oracledb
9 silly mapToRegistry name oracledb
10 silly mapToRegistry using default registry
11 silly mapToRegistry registry https://registry.npmjs.org/
12 silly mapToRegistry data Result {
12 silly mapToRegistry   raw: 'oracledb',
12 silly mapToRegistry   scope: null,
12 silly mapToRegistry   escapedName: 'oracledb',
12 silly mapToRegistry   name: 'oracledb',
12 silly mapToRegistry   rawSpec: '',
12 silly mapToRegistry   spec: 'latest',
12 silly mapToRegistry   type: 'tag' }
13 silly mapToRegistry uri https://registry.npmjs.org/oracledb
14 verbose request uri https://registry.npmjs.org/oracledb
15 verbose request no auth needed
16 info attempt registry request try #1 at 8:57:00 PM
17 verbose request id d5faf32be4c959a0
18 http request GET https://registry.npmjs.org/oracledb
19 http 200 https://registry.npmjs.org/oracledb
20 verbose headers { server: 'nginx/1.10.1',
20 verbose headers   'content-type': 'application/json',
20 verbose headers   'last-modified': 'Wed, 12 Apr 2017 01:36:57 GMT',
20 verbose headers   etag: 'W/"58ed84b9-b2fe"',
20 verbose headers   'content-encoding': 'gzip',
20 verbose headers   'cache-control': 'max-age=300',
20 verbose headers   'content-length': '6368',
20 verbose headers   'accept-ranges': 'bytes',
20 verbose headers   date: 'Mon, 01 May 2017 00:57:03 GMT',
20 verbose headers   via: '1.1 varnish',
20 verbose headers   age: '0',
20 verbose headers   connection: 'keep-alive',
20 verbose headers   'x-served-by': 'cache-dfw1836-DFW',
20 verbose headers   'x-cache': 'HIT',
20 verbose headers   'x-cache-hits': '1',
20 verbose headers   'x-timer': 'S1493600223.380524,VS0,VE33',
20 verbose headers   vary: 'Accept-Encoding' }
21 silly get cb [ 200,
21 silly get   { server: 'nginx/1.10.1',
21 silly get     'content-type': 'application/json',
21 silly get     'last-modified': 'Wed, 12 Apr 2017 01:36:57 GMT',
21 silly get     etag: 'W/"58ed84b9-b2fe"',
21 silly get     'content-encoding': 'gzip',
21 silly get     'cache-control': 'max-age=300',
21 silly get     'content-length': '6368',
21 silly get     'accept-ranges': 'bytes',
21 silly get     date: 'Mon, 01 May 2017 00:57:03 GMT',
21 silly get     via: '1.1 varnish',
21 silly get     age: '0',
21 silly get     connection: 'keep-alive',
21 silly get     'x-served-by': 'cache-dfw1836-DFW',
21 silly get     'x-cache': 'HIT',
21 silly get     'x-cache-hits': '1',
21 silly get     'x-timer': 'S1493600223.380524,VS0,VE33',
21 silly get     vary: 'Accept-Encoding' } ]
22 verbose get saving oracledb to C:\Users\Will\AppData\Roaming\npm-cache\registry.npmjs.org\oracledb\.cache.json
23 verbose correctMkdir C:\Users\Will\AppData\Roaming\npm-cache correctMkdir not in flight; initializing
24 silly install normalizeTree
25 silly loadCurrentTree Finishing
26 silly loadIdealTree Starting
27 silly install loadIdealTree
28 silly cloneCurrentTree Starting
29 silly install cloneCurrentTreeToIdealTree
30 silly cloneCurrentTree Finishing
31 silly loadShrinkwrap Starting
32 silly install loadShrinkwrap
33 silly loadShrinkwrap Finishing
34 silly loadAllDepsIntoIdealTree Starting
35 silly install loadAllDepsIntoIdealTree
36 silly resolveWithNewModule oracledb@1.13.1 checking installable status
37 silly cache add args [ 'oracledb', null ]
38 verbose cache add spec oracledb
39 silly cache add parsed spec Result {
39 silly cache add   raw: 'oracledb',
39 silly cache add   scope: null,
39 silly cache add   escapedName: 'oracledb',
39 silly cache add   name: 'oracledb',
39 silly cache add   rawSpec: '',
39 silly cache add   spec: 'latest',
39 silly cache add   type: 'tag' }
40 silly addNamed oracledb@latest
41 verbose addNamed "latest" is being treated as a dist-tag for oracledb
42 info addNameTag [ 'oracledb', 'latest' ]
43 silly mapToRegistry name oracledb
44 silly mapToRegistry using default registry
45 silly mapToRegistry registry https://registry.npmjs.org/
46 silly mapToRegistry data Result {
46 silly mapToRegistry   raw: 'oracledb',
46 silly mapToRegistry   scope: null,
46 silly mapToRegistry   escapedName: 'oracledb',
46 silly mapToRegistry   name: 'oracledb',
46 silly mapToRegistry   rawSpec: '',
46 silly mapToRegistry   spec: 'latest',
46 silly mapToRegistry   type: 'tag' }
47 silly mapToRegistry uri https://registry.npmjs.org/oracledb
48 verbose addNameTag registry:https://registry.npmjs.org/oracledb not in flight; fetching
49 verbose get https://registry.npmjs.org/oracledb not expired, no request
50 silly addNameTag next cb for oracledb with tag latest
51 silly addNamed oracledb@1.13.1
52 verbose addNamed "1.13.1" is a plain semver version for oracledb
53 silly mapToRegistry name oracledb
54 silly mapToRegistry using default registry
55 silly mapToRegistry registry https://registry.npmjs.org/
56 silly mapToRegistry data Result {
56 silly mapToRegistry   raw: 'oracledb',
56 silly mapToRegistry   scope: null,
56 silly mapToRegistry   escapedName: 'oracledb',
56 silly mapToRegistry   name: 'oracledb',
56 silly mapToRegistry   rawSpec: '',
56 silly mapToRegistry   spec: 'latest',
56 silly mapToRegistry   type: 'tag' }
57 silly mapToRegistry uri https://registry.npmjs.org/oracledb
58 verbose addRemoteTarball https://registry.npmjs.org/oracledb/-/oracledb-1.13.1.tgz not in flight; adding
59 verbose addRemoteTarball [ 'https://registry.npmjs.org/oracledb/-/oracledb-1.13.1.tgz',
59 verbose addRemoteTarball   '923164b5c192ceda01590e35268bb7017e24ad89' ]
60 info retry fetch attempt 1 at 8:57:00 PM
61 info attempt registry request try #1 at 8:57:00 PM
62 http fetch GET https://registry.npmjs.org/oracledb/-/oracledb-1.13.1.tgz
63 http fetch 200 https://registry.npmjs.org/oracledb/-/oracledb-1.13.1.tgz
64 silly fetchAndShaCheck shasum 923164b5c192ceda01590e35268bb7017e24ad89
65 verbose addTmpTarball C:\Users\Will\AppData\Local\Temp\npm-108852-993ae029\registry.npmjs.org\oracledb\-\oracledb-1.13.1.tgz not in flight; adding
66 verbose addTmpTarball already have metadata; skipping unpack for oracledb@1.13.1
67 verbose correctMkdir C:\Users\Will\AppData\Roaming\npm-cache correctMkdir not in flight; initializing
68 silly cache afterAdd oracledb@1.13.1
69 verbose afterAdd C:\Users\Will\AppData\Roaming\npm-cache\oracledb\1.13.1\package\package.json not in flight; writing
70 verbose correctMkdir C:\Users\Will\AppData\Roaming\npm-cache correctMkdir not in flight; initializing
71 verbose afterAdd C:\Users\Will\AppData\Roaming\npm-cache\oracledb\1.13.1\package\package.json written
72 silly fetchNamedPackageData nan
73 silly mapToRegistry name nan
74 silly mapToRegistry using default registry
75 silly mapToRegistry registry https://registry.npmjs.org/
76 silly mapToRegistry data Result {
76 silly mapToRegistry   raw: 'nan',
76 silly mapToRegistry   scope: null,
76 silly mapToRegistry   escapedName: 'nan',
76 silly mapToRegistry   name: 'nan',
76 silly mapToRegistry   rawSpec: '',
76 silly mapToRegistry   spec: 'latest',
76 silly mapToRegistry   type: 'tag' }
77 silly mapToRegistry uri https://registry.npmjs.org/nan
78 verbose request uri https://registry.npmjs.org/nan
79 verbose request no auth needed
80 info attempt registry request try #1 at 8:57:01 PM
81 verbose etag "EGTR1APXEV7TH8V3QYT0WN357"
82 http request GET https://registry.npmjs.org/nan
83 http 200 https://registry.npmjs.org/nan
84 verbose headers { server: 'nginx/1.10.1',
84 verbose headers   'content-type': 'application/json',
84 verbose headers   'last-modified': 'Wed, 12 Apr 2017 20:38:38 GMT',
84 verbose headers   etag: 'W/"58ee904e-1f9bf"',
84 verbose headers   'content-encoding': 'gzip',
84 verbose headers   'cache-control': 'max-age=300',
84 verbose headers   'content-length': '15200',
84 verbose headers   'accept-ranges': 'bytes',
84 verbose headers   date: 'Mon, 01 May 2017 00:57:04 GMT',
84 verbose headers   via: '1.1 varnish',
84 verbose headers   age: '261',
84 verbose headers   connection: 'keep-alive',
84 verbose headers   'x-served-by': 'cache-dfw1836-DFW',
84 verbose headers   'x-cache': 'HIT',
84 verbose headers   'x-cache-hits': '1',
84 verbose headers   'x-timer': 'S1493600224.057764,VS0,VE0',
84 verbose headers   vary: 'Accept-Encoding' }
85 silly get cb [ 200,
85 silly get   { server: 'nginx/1.10.1',
85 silly get     'content-type': 'application/json',
85 silly get     'last-modified': 'Wed, 12 Apr 2017 20:38:38 GMT',
85 silly get     etag: 'W/"58ee904e-1f9bf"',
85 silly get     'content-encoding': 'gzip',
85 silly get     'cache-control': 'max-age=300',
85 silly get     'content-length': '15200',
85 silly get     'accept-ranges': 'bytes',
85 silly get     date: 'Mon, 01 May 2017 00:57:04 GMT',
85 silly get     via: '1.1 varnish',
85 silly get     age: '261',
85 silly get     connection: 'keep-alive',
85 silly get     'x-served-by': 'cache-dfw1836-DFW',
85 silly get     'x-cache': 'HIT',
85 silly get     'x-cache-hits': '1',
85 silly get     'x-timer': 'S1493600224.057764,VS0,VE0',
85 silly get     vary: 'Accept-Encoding' } ]
86 verbose get saving nan to C:\Users\Will\AppData\Roaming\npm-cache\registry.npmjs.org\nan\.cache.json
87 verbose correctMkdir C:\Users\Will\AppData\Roaming\npm-cache correctMkdir not in flight; initializing
88 silly resolveWithNewModule nan@2.5.1 checking installable status
89 silly cache add args [ 'nan@~2.5.0', null ]
90 verbose cache add spec nan@~2.5.0
91 silly cache add parsed spec Result {
91 silly cache add   raw: 'nan@~2.5.0',
91 silly cache add   scope: null,
91 silly cache add   escapedName: 'nan',
91 silly cache add   name: 'nan',
91 silly cache add   rawSpec: '~2.5.0',
91 silly cache add   spec: '>=2.5.0 <2.6.0',
91 silly cache add   type: 'range' }
92 silly addNamed nan@>=2.5.0 <2.6.0
93 verbose addNamed ">=2.5.0 <2.6.0" is a valid semver range for nan
94 silly addNameRange { name: 'nan', range: '>=2.5.0 <2.6.0', hasData: false }
95 silly mapToRegistry name nan
96 silly mapToRegistry using default registry
97 silly mapToRegistry registry https://registry.npmjs.org/
98 silly mapToRegistry data Result {
98 silly mapToRegistry   raw: 'nan',
98 silly mapToRegistry   scope: null,
98 silly mapToRegistry   escapedName: 'nan',
98 silly mapToRegistry   name: 'nan',
98 silly mapToRegistry   rawSpec: '',
98 silly mapToRegistry   spec: 'latest',
98 silly mapToRegistry   type: 'tag' }
99 silly mapToRegistry uri https://registry.npmjs.org/nan
100 verbose addNameRange registry:https://registry.npmjs.org/nan not in flight; fetching
101 verbose get https://registry.npmjs.org/nan not expired, no request
102 silly addNameRange number 2 { name: 'nan', range: '>=2.5.0 <2.6.0', hasData: true }
103 silly addNameRange versions [ 'nan',
103 silly addNameRange   [ '0.3.0-wip',
103 silly addNameRange     '0.3.0-wip2',
103 silly addNameRange     '0.3.0',
103 silly addNameRange     '0.3.1',
103 silly addNameRange     '0.3.2',
103 silly addNameRange     '0.4.0',
103 silly addNameRange     '0.4.1',
103 silly addNameRange     '0.4.2',
103 silly addNameRange     '0.4.3',
103 silly addNameRange     '0.4.4',
103 silly addNameRange     '0.5.0',
103 silly addNameRange     '0.5.1',
103 silly addNameRange     '0.5.2',
103 silly addNameRange     '0.6.0',
103 silly addNameRange     '0.7.0',
103 silly addNameRange     '0.7.1',
103 silly addNameRange     '0.8.0',
103 silly addNameRange     '1.0.0',
103 silly addNameRange     '1.1.0',
103 silly addNameRange     '1.1.1',
103 silly addNameRange     '1.1.2',
103 silly addNameRange     '1.2.0',
103 silly addNameRange     '1.3.0',
103 silly addNameRange     '1.4.0',
103 silly addNameRange     '1.4.1',
103 silly addNameRange     '1.5.0',
103 silly addNameRange     '1.4.2',
103 silly addNameRange     '1.4.3',
103 silly addNameRange     '1.5.1',
103 silly addNameRange     '1.5.2',
103 silly addNameRange     '1.6.0',
103 silly addNameRange     '1.5.3',
103 silly addNameRange     '1.6.1',
103 silly addNameRange     '1.6.2',
103 silly addNameRange     '1.7.0',
103 silly addNameRange     '1.8.0',
103 silly addNameRange     '1.8.1',
103 silly addNameRange     '1.8.2',
103 silly addNameRange     '1.8.3',
103 silly addNameRange     '1.8.4',
103 silly addNameRange     '1.9.0',
103 silly addNameRange     '2.0.0',
103 silly addNameRange     '2.0.1',
103 silly addNameRange     '2.0.2',
103 silly addNameRange     '2.0.3',
103 silly addNameRange     '2.0.4',
103 silly addNameRange     '2.0.5',
103 silly addNameRange     '2.0.6',
103 silly addNameRange     '2.0.7',
103 silly addNameRange     '2.0.8',
103 silly addNameRange     '2.0.9',
103 silly addNameRange     '2.1.0',
103 silly addNameRange     '2.2.0',
103 silly addNameRange     '2.2.1',
103 silly addNameRange     '2.3.0',
103 silly addNameRange     '2.3.1',
103 silly addNameRange     '2.3.2',
103 silly addNameRange     '2.3.3',
103 silly addNameRange     '2.3.4',
103 silly addNameRange     '2.3.5',
103 silly addNameRange     '2.4.0',
103 silly addNameRange     '2.5.0',
103 silly addNameRange     '2.5.1',
103 silly addNameRange     '2.6.0',
103 silly addNameRange     '2.6.1',
103 silly addNameRange     '2.6.2' ] ]
104 silly addNamed nan@2.5.1
105 verbose addNamed "2.5.1" is a plain semver version for nan
106 silly mapToRegistry name nan
107 silly mapToRegistry using default registry
108 silly mapToRegistry registry https://registry.npmjs.org/
109 silly mapToRegistry data Result {
109 silly mapToRegistry   raw: 'nan',
109 silly mapToRegistry   scope: null,
109 silly mapToRegistry   escapedName: 'nan',
109 silly mapToRegistry   name: 'nan',
109 silly mapToRegistry   rawSpec: '',
109 silly mapToRegistry   spec: 'latest',
109 silly mapToRegistry   type: 'tag' }
110 silly mapToRegistry uri https://registry.npmjs.org/nan
111 verbose addRemoteTarball https://registry.npmjs.org/nan/-/nan-2.5.1.tgz not in flight; adding
112 verbose addRemoteTarball [ 'https://registry.npmjs.org/nan/-/nan-2.5.1.tgz',
112 verbose addRemoteTarball   'd5b01691253326a97a2bbee9e61c55d8d60351e2' ]
113 info retry fetch attempt 1 at 8:57:01 PM
114 info attempt registry request try #1 at 8:57:01 PM
115 http fetch GET https://registry.npmjs.org/nan/-/nan-2.5.1.tgz
116 http fetch 200 https://registry.npmjs.org/nan/-/nan-2.5.1.tgz
117 silly fetchAndShaCheck shasum d5b01691253326a97a2bbee9e61c55d8d60351e2
118 verbose addTmpTarball C:\Users\Will\AppData\Local\Temp\npm-108852-993ae029\registry.npmjs.org\nan\-\nan-2.5.1.tgz not in flight; adding
119 verbose addTmpTarball already have metadata; skipping unpack for nan@2.5.1
120 verbose correctMkdir C:\Users\Will\AppData\Roaming\npm-cache correctMkdir not in flight; initializing
121 silly cache afterAdd nan@2.5.1
122 verbose afterAdd C:\Users\Will\AppData\Roaming\npm-cache\nan\2.5.1\package\package.json not in flight; writing
123 verbose correctMkdir C:\Users\Will\AppData\Roaming\npm-cache correctMkdir not in flight; initializing
124 verbose afterAdd C:\Users\Will\AppData\Roaming\npm-cache\nan\2.5.1\package\package.json written
125 silly loadAllDepsIntoIdealTree Finishing
126 silly loadIdealTree Finishing
127 silly currentTree MyAppNode@0.0.1
127 silly currentTree +-- acorn-globals@1.0.9
127 silly currentTree +-- acorn@2.7.0
127 silly currentTree +-- align-text@0.1.4
127 silly currentTree +-- amdefine@1.0.1
127 silly currentTree +-- asap@1.0.0
127 silly currentTree +-- async@2.3.0
127 silly currentTree +-- balanced-match@0.4.2
127 silly currentTree +-- bignumber.js@3.1.2
127 silly currentTree +-- brace-expansion@1.1.6
127 silly currentTree +-- brfs@1.4.3
127 silly currentTree +-- bson@1.0.4
127 silly currentTree +-- buffer-crc32@0.2.1
127 silly currentTree +-- buffer-equal@0.0.1
127 silly currentTree +-- buffer-shims@1.0.0
127 silly currentTree +-- bytes@0.2.0
127 silly currentTree +-- camelcase@1.2.1
127 silly currentTree +-- center-align@0.1.3
127 silly currentTree +-- character-parser@1.2.1
127 silly currentTree +-- clean-css@3.4.24
127 silly currentTree | `-- commander@2.8.1
127 silly currentTree +-- cliui@2.1.0
127 silly currentTree | `-- wordwrap@0.0.2
127 silly currentTree +-- commander@0.6.1
127 silly currentTree +-- concat-map@0.0.1
127 silly currentTree +-- concat-stream@1.4.10
127 silly currentTree +-- connect@3.6.1
127 silly currentTree | `-- debug@2.6.3
127 silly currentTree +-- constantinople@3.0.2
127 silly currentTree +-- cookie-signature@1.0.1
127 silly currentTree +-- cookie@0.1.0
127 silly currentTree +-- core-util-is@1.0.2
127 silly currentTree +-- css-parse@1.0.4
127 silly currentTree +-- css-stringify@1.0.5
127 silly currentTree +-- css@1.0.8
127 silly currentTree +-- d3-array@1.2.0
127 silly currentTree +-- d3-axis@1.0.6
127 silly currentTree +-- d3-brush@1.0.4
127 silly currentTree +-- d3-chord@1.0.4
127 silly currentTree +-- d3-collection@1.0.3
127 silly currentTree +-- d3-color@1.0.3
127 silly currentTree +-- d3-dispatch@1.0.3
127 silly currentTree +-- d3-drag@1.0.4
127 silly currentTree +-- d3-dsv@1.0.5
127 silly currentTree | `-- commander@2.9.0
127 silly currentTree +-- d3-ease@1.0.3
127 silly currentTree +-- d3-force@1.0.6
127 silly currentTree +-- d3-format@1.2.0
127 silly currentTree +-- d3-geo-projection@0.2.16
127 silly currentTree +-- d3-geo@1.6.3
127 silly currentTree +-- d3-hierarchy@1.1.4
127 silly currentTree +-- d3-interpolate@1.1.4
127 silly currentTree +-- d3-path@1.0.5
127 silly currentTree +-- d3-polygon@1.0.3
127 silly currentTree +-- d3-quadtree@1.0.3
127 silly currentTree +-- d3-queue@3.0.5
127 silly currentTree +-- d3-random@1.0.3
127 silly currentTree +-- d3-request@1.0.5
127 silly currentTree +-- d3-scale@1.0.5
127 silly currentTree +-- d3-selection@1.0.5
127 silly currentTree +-- d3-shape@1.0.6
127 silly currentTree +-- d3-time-format@2.0.5
127 silly currentTree +-- d3-time@1.0.6
127 silly currentTree +-- d3-timer@1.0.5
127 silly currentTree +-- d3-transition@1.0.4
127 silly currentTree +-- d3-voronoi@1.1.2
127 silly currentTree +-- d3-zoom@1.1.4
127 silly currentTree +-- d3@4.8.0
127 silly currentTree +-- datamaps@0.5.8
127 silly currentTree | +-- d3-queue@2.0.3
127 silly currentTree | +-- d3@3.5.17
127 silly currentTree | `-- topojson@1.6.27
127 silly currentTree +-- debug@2.6.0
127 silly currentTree +-- decamelize@1.2.0
127 silly currentTree +-- duplexer2@0.0.2
127 silly currentTree +-- each-series@1.0.0
127 silly currentTree +-- ee-first@1.1.1
127 silly currentTree +-- encodeurl@1.0.1
127 silly currentTree +-- es6-promise@3.2.1
127 silly currentTree +-- escape-html@1.0.3
127 silly currentTree +-- escodegen@1.3.3
127 silly currentTree | `-- source-map@0.1.43
127 silly currentTree +-- esprima@1.1.1
127 silly currentTree +-- estraverse@1.5.1
127 silly currentTree +-- esutils@1.0.0
127 silly currentTree +-- express@3.2.6
127 silly currentTree | `-- connect@2.7.11
127 silly currentTree |   +-- cookie@0.0.5
127 silly currentTree |   `-- send@0.1.1
127 silly currentTree +-- falafel@1.2.0
127 silly currentTree | `-- acorn@1.2.2
127 silly currentTree +-- finalhandler@1.0.1
127 silly currentTree | `-- debug@2.6.3
127 silly currentTree +-- foreach@2.0.5
127 silly currentTree +-- formidable@1.0.14
127 silly currentTree +-- fresh@0.1.0
127 silly currentTree +-- fs.realpath@1.0.0
127 silly currentTree +-- function-bind@1.1.0
127 silly currentTree +-- glob@7.0.6
127 silly currentTree +-- graceful-readlink@1.0.1
127 silly currentTree +-- has@1.0.1
127 silly currentTree +-- iconv-lite@0.4.16
127 silly currentTree +-- inflight@1.0.6
127 silly currentTree +-- inherits@2.0.3
127 silly currentTree +-- is-buffer@1.1.4
127 silly currentTree +-- is-promise@2.1.0
127 silly currentTree +-- isarray@0.0.1
127 silly currentTree +-- jade-bootstrap@1.0.9
127 silly currentTree +-- jade@1.11.0
127 silly currentTree | +-- commander@2.6.0
127 silly currentTree | `-- mkdirp@0.5.1
127 silly currentTree +-- jstransformer@0.0.2
127 silly currentTree +-- kind-of@3.1.0
127 silly currentTree +-- lazy-cache@1.0.4
127 silly currentTree +-- lodash@4.17.4
127 silly currentTree +-- longest@1.0.1
127 silly currentTree +-- methods@0.0.1
127 silly currentTree +-- mime@1.2.11
127 silly currentTree +-- minimatch@3.0.3
127 silly currentTree +-- minimist@0.0.8
127 silly currentTree +-- mkdirp@0.3.4
127 silly currentTree +-- mongodb-core@2.1.10
127 silly currentTree +-- mongodb@2.2.26
127 silly currentTree | +-- isarray@1.0.0
127 silly currentTree | +-- readable-stream@2.2.7
127 silly currentTree | `-- string_decoder@1.0.0
127 silly currentTree +-- mongojs@2.4.0
127 silly currentTree | +-- isarray@1.0.0
127 silly currentTree | +-- readable-stream@2.2.9
127 silly currentTree | `-- string_decoder@1.0.0
127 silly currentTree +-- ms@0.7.2
127 silly currentTree +-- mysql@2.13.0
127 silly currentTree +-- nib@1.1.2
127 silly currentTree +-- object-inspect@0.4.0
127 silly currentTree +-- object-keys@1.0.11
127 silly currentTree +-- on-finished@2.3.0
127 silly currentTree +-- once@1.4.0
127 silly currentTree +-- optimist@0.3.7
127 silly currentTree +-- parse-mongo-url@1.1.1
127 silly currentTree +-- parseurl@1.3.1
127 silly currentTree +-- path-is-absolute@1.0.1
127 silly currentTree +-- path-parse@1.0.5
127 silly currentTree +-- pause@0.0.1
127 silly currentTree +-- process-nextick-args@1.0.7
127 silly currentTree +-- promise@6.1.0
127 silly currentTree +-- qs@0.6.5
127 silly currentTree +-- quote-stream@1.0.2
127 silly currentTree | `-- minimist@1.2.0
127 silly currentTree +-- range-parser@0.0.4
127 silly currentTree +-- readable-stream@1.1.14
127 silly currentTree +-- repeat-string@1.6.1
127 silly currentTree +-- require_optional@1.0.0
127 silly currentTree +-- resolve-from@2.0.0
127 silly currentTree +-- resolve@1.3.3
127 silly currentTree +-- right-align@0.1.3
127 silly currentTree +-- rw@1.3.3
127 silly currentTree +-- sax@0.5.8
127 silly currentTree +-- semver@5.3.0
127 silly currentTree +-- send@0.1.0
127 silly currentTree | `-- mime@1.2.6
127 silly currentTree +-- shallow-copy@0.0.1
127 silly currentTree +-- shapefile@0.3.1
127 silly currentTree | +-- d3-queue@1.2.3
127 silly currentTree | `-- iconv-lite@0.2.11
127 silly currentTree +-- source-map@0.4.4
127 silly currentTree +-- sqlstring@2.2.0
127 silly currentTree +-- static-eval@0.2.4
127 silly currentTree | +-- escodegen@0.0.28
127 silly currentTree | +-- esprima@1.0.4
127 silly currentTree | `-- estraverse@1.3.2
127 silly currentTree +-- static-module@1.3.1
127 silly currentTree | +-- object-keys@0.4.0
127 silly currentTree | +-- quote-stream@0.0.0
127 silly currentTree | +-- readable-stream@1.0.34
127 silly currentTree | +-- through2@0.4.2
127 silly currentTree | `-- xtend@2.1.2
127 silly currentTree +-- statuses@1.3.1
127 silly currentTree +-- string_decoder@0.10.31
127 silly currentTree +-- stylus@0.54.5
127 silly currentTree | +-- css-parse@1.7.0
127 silly currentTree | +-- mkdirp@0.5.1
127 silly currentTree | `-- source-map@0.1.43
127 silly currentTree +-- through2@2.0.3
127 silly currentTree | +-- isarray@1.0.0
127 silly currentTree | +-- readable-stream@2.2.9
127 silly currentTree | `-- string_decoder@1.0.0
127 silly currentTree +-- thunky@0.1.0
127 silly currentTree +-- to-mongodb-core@2.0.0
127 silly currentTree +-- topojson@3.0.0
127 silly currentTree | +-- commander@2.9.0
127 silly currentTree | +-- topojson-client@3.0.0
127 silly currentTree | +-- topojson-server@3.0.0
127 silly currentTree | `-- topojson-simplify@3.0.0
127 silly currentTree +-- transformers@2.1.0
127 silly currentTree | +-- is-promise@1.0.1
127 silly currentTree | +-- promise@2.0.0
127 silly currentTree | +-- source-map@0.1.43
127 silly currentTree | `-- uglify-js@2.2.5
127 silly currentTree +-- typedarray@0.0.6
127 silly currentTree +-- uglify-js@2.7.5
127 silly currentTree | +-- async@0.2.10
127 silly currentTree | `-- source-map@0.5.6
127 silly currentTree +-- uglify-to-browserify@1.0.2
127 silly currentTree +-- unpipe@1.0.0
127 silly currentTree +-- util-deprecate@1.0.2
127 silly currentTree +-- utils-merge@1.0.0
127 silly currentTree +-- void-elements@2.0.1
127 silly currentTree +-- window-size@0.1.0
127 silly currentTree +-- with@4.0.3
127 silly currentTree | `-- acorn@1.2.2
127 silly currentTree +-- wordwrap@0.0.3
127 silly currentTree +-- wrappy@1.0.2
127 silly currentTree +-- xmlhttprequest@1.8.0
127 silly currentTree +-- xtend@4.0.1
127 silly currentTree `-- yargs@3.10.0
128 silly idealTree MyAppNode@0.0.1
128 silly idealTree +-- acorn-globals@1.0.9
128 silly idealTree +-- acorn@2.7.0
128 silly idealTree +-- align-text@0.1.4
128 silly idealTree +-- amdefine@1.0.1
128 silly idealTree +-- asap@1.0.0
128 silly idealTree +-- async@2.3.0
128 silly idealTree +-- balanced-match@0.4.2
128 silly idealTree +-- bignumber.js@3.1.2
128 silly idealTree +-- brace-expansion@1.1.6
128 silly idealTree +-- brfs@1.4.3
128 silly idealTree +-- bson@1.0.4
128 silly idealTree +-- buffer-crc32@0.2.1
128 silly idealTree +-- buffer-equal@0.0.1
128 silly idealTree +-- buffer-shims@1.0.0
128 silly idealTree +-- bytes@0.2.0
128 silly idealTree +-- camelcase@1.2.1
128 silly idealTree +-- center-align@0.1.3
128 silly idealTree +-- character-parser@1.2.1
128 silly idealTree +-- clean-css@3.4.24
128 silly idealTree | `-- commander@2.8.1
128 silly idealTree +-- cliui@2.1.0
128 silly idealTree | `-- wordwrap@0.0.2
128 silly idealTree +-- commander@0.6.1
128 silly idealTree +-- concat-map@0.0.1
128 silly idealTree +-- concat-stream@1.4.10
128 silly idealTree +-- connect@3.6.1
128 silly idealTree | `-- debug@2.6.3
128 silly idealTree +-- constantinople@3.0.2
128 silly idealTree +-- cookie-signature@1.0.1
128 silly idealTree +-- cookie@0.1.0
128 silly idealTree +-- core-util-is@1.0.2
128 silly idealTree +-- css-parse@1.0.4
128 silly idealTree +-- css-stringify@1.0.5
128 silly idealTree +-- css@1.0.8
128 silly idealTree +-- d3-array@1.2.0
128 silly idealTree +-- d3-axis@1.0.6
128 silly idealTree +-- d3-brush@1.0.4
128 silly idealTree +-- d3-chord@1.0.4
128 silly idealTree +-- d3-collection@1.0.3
128 silly idealTree +-- d3-color@1.0.3
128 silly idealTree +-- d3-dispatch@1.0.3
128 silly idealTree +-- d3-drag@1.0.4
128 silly idealTree +-- d3-dsv@1.0.5
128 silly idealTree | `-- commander@2.9.0
128 silly idealTree +-- d3-ease@1.0.3
128 silly idealTree +-- d3-force@1.0.6
128 silly idealTree +-- d3-format@1.2.0
128 silly idealTree +-- d3-geo-projection@0.2.16
128 silly idealTree +-- d3-geo@1.6.3
128 silly idealTree +-- d3-hierarchy@1.1.4
128 silly idealTree +-- d3-interpolate@1.1.4
128 silly idealTree +-- d3-path@1.0.5
128 silly idealTree +-- d3-polygon@1.0.3
128 silly idealTree +-- d3-quadtree@1.0.3
128 silly idealTree +-- d3-queue@3.0.5
128 silly idealTree +-- d3-random@1.0.3
128 silly idealTree +-- d3-request@1.0.5
128 silly idealTree +-- d3-scale@1.0.5
128 silly idealTree +-- d3-selection@1.0.5
128 silly idealTree +-- d3-shape@1.0.6
128 silly idealTree +-- d3-time-format@2.0.5
128 silly idealTree +-- d3-time@1.0.6
128 silly idealTree +-- d3-timer@1.0.5
128 silly idealTree +-- d3-transition@1.0.4
128 silly idealTree +-- d3-voronoi@1.1.2
128 silly idealTree +-- d3-zoom@1.1.4
128 silly idealTree +-- d3@4.8.0
128 silly idealTree +-- datamaps@0.5.8
128 silly idealTree | +-- d3-queue@2.0.3
128 silly idealTree | +-- d3@3.5.17
128 silly idealTree | `-- topojson@1.6.27
128 silly idealTree +-- debug@2.6.0
128 silly idealTree +-- decamelize@1.2.0
128 silly idealTree +-- duplexer2@0.0.2
128 silly idealTree +-- each-series@1.0.0
128 silly idealTree +-- ee-first@1.1.1
128 silly idealTree +-- encodeurl@1.0.1
128 silly idealTree +-- es6-promise@3.2.1
128 silly idealTree +-- escape-html@1.0.3
128 silly idealTree +-- escodegen@1.3.3
128 silly idealTree | `-- source-map@0.1.43
128 silly idealTree +-- esprima@1.1.1
128 silly idealTree +-- estraverse@1.5.1
128 silly idealTree +-- esutils@1.0.0
128 silly idealTree +-- express@3.2.6
128 silly idealTree | `-- connect@2.7.11
128 silly idealTree |   +-- cookie@0.0.5
128 silly idealTree |   `-- send@0.1.1
128 silly idealTree +-- falafel@1.2.0
128 silly idealTree | `-- acorn@1.2.2
128 silly idealTree +-- finalhandler@1.0.1
128 silly idealTree | `-- debug@2.6.3
128 silly idealTree +-- foreach@2.0.5
128 silly idealTree +-- formidable@1.0.14
128 silly idealTree +-- fresh@0.1.0
128 silly idealTree +-- fs.realpath@1.0.0
128 silly idealTree +-- function-bind@1.1.0
128 silly idealTree +-- glob@7.0.6
128 silly idealTree +-- graceful-readlink@1.0.1
128 silly idealTree +-- has@1.0.1
128 silly idealTree +-- iconv-lite@0.4.16
128 silly idealTree +-- inflight@1.0.6
128 silly idealTree +-- inherits@2.0.3
128 silly idealTree +-- is-buffer@1.1.4
128 silly idealTree +-- is-promise@2.1.0
128 silly idealTree +-- isarray@0.0.1
128 silly idealTree +-- jade-bootstrap@1.0.9
128 silly idealTree +-- jade@1.11.0
128 silly idealTree | +-- commander@2.6.0
128 silly idealTree | `-- mkdirp@0.5.1
128 silly idealTree +-- jstransformer@0.0.2
128 silly idealTree +-- kind-of@3.1.0
128 silly idealTree +-- lazy-cache@1.0.4
128 silly idealTree +-- lodash@4.17.4
128 silly idealTree +-- longest@1.0.1
128 silly idealTree +-- methods@0.0.1
128 silly idealTree +-- mime@1.2.11
128 silly idealTree +-- minimatch@3.0.3
128 silly idealTree +-- minimist@0.0.8
128 silly idealTree +-- mkdirp@0.3.4
128 silly idealTree +-- mongodb-core@2.1.10
128 silly idealTree +-- mongodb@2.2.26
128 silly idealTree | +-- isarray@1.0.0
128 silly idealTree | +-- readable-stream@2.2.7
128 silly idealTree | `-- string_decoder@1.0.0
128 silly idealTree +-- mongojs@2.4.0
128 silly idealTree | +-- isarray@1.0.0
128 silly idealTree | +-- readable-stream@2.2.9
128 silly idealTree | `-- string_decoder@1.0.0
128 silly idealTree +-- ms@0.7.2
128 silly idealTree +-- mysql@2.13.0
128 silly idealTree +-- nan@2.5.1
128 silly idealTree +-- nib@1.1.2
128 silly idealTree +-- object-inspect@0.4.0
128 silly idealTree +-- object-keys@1.0.11
128 silly idealTree +-- on-finished@2.3.0
128 silly idealTree +-- once@1.4.0
128 silly idealTree +-- optimist@0.3.7
128 silly idealTree +-- oracledb@1.13.1
128 silly idealTree +-- parse-mongo-url@1.1.1
128 silly idealTree +-- parseurl@1.3.1
128 silly idealTree +-- path-is-absolute@1.0.1
128 silly idealTree +-- path-parse@1.0.5
128 silly idealTree +-- pause@0.0.1
128 silly idealTree +-- process-nextick-args@1.0.7
128 silly idealTree +-- promise@6.1.0
128 silly idealTree +-- qs@0.6.5
128 silly idealTree +-- quote-stream@1.0.2
128 silly idealTree | `-- minimist@1.2.0
128 silly idealTree +-- range-parser@0.0.4
128 silly idealTree +-- readable-stream@1.1.14
128 silly idealTree +-- repeat-string@1.6.1
128 silly idealTree +-- require_optional@1.0.0
128 silly idealTree +-- resolve-from@2.0.0
128 silly idealTree +-- resolve@1.3.3
128 silly idealTree +-- right-align@0.1.3
128 silly idealTree +-- rw@1.3.3
128 silly idealTree +-- sax@0.5.8
128 silly idealTree +-- semver@5.3.0
128 silly idealTree +-- send@0.1.0
128 silly idealTree | `-- mime@1.2.6
128 silly idealTree +-- shallow-copy@0.0.1
128 silly idealTree +-- shapefile@0.3.1
128 silly idealTree | +-- d3-queue@1.2.3
128 silly idealTree | `-- iconv-lite@0.2.11
128 silly idealTree +-- source-map@0.4.4
128 silly idealTree +-- sqlstring@2.2.0
128 silly idealTree +-- static-eval@0.2.4
128 silly idealTree | +-- escodegen@0.0.28
128 silly idealTree | +-- esprima@1.0.4
128 silly idealTree | `-- estraverse@1.3.2
128 silly idealTree +-- static-module@1.3.1
128 silly idealTree | +-- object-keys@0.4.0
128 silly idealTree | +-- quote-stream@0.0.0
128 silly idealTree | +-- readable-stream@1.0.34
128 silly idealTree | +-- through2@0.4.2
128 silly idealTree | `-- xtend@2.1.2
128 silly idealTree +-- statuses@1.3.1
128 silly idealTree +-- string_decoder@0.10.31
128 silly idealTree +-- stylus@0.54.5
128 silly idealTree | +-- css-parse@1.7.0
128 silly idealTree | +-- mkdirp@0.5.1
128 silly idealTree | `-- source-map@0.1.43
128 silly idealTree +-- through2@2.0.3
128 silly idealTree | +-- isarray@1.0.0
128 silly idealTree | +-- readable-stream@2.2.9
128 silly idealTree | `-- string_decoder@1.0.0
128 silly idealTree +-- thunky@0.1.0
128 silly idealTree +-- to-mongodb-core@2.0.0
128 silly idealTree +-- topojson@3.0.0
128 silly idealTree | +-- commander@2.9.0
128 silly idealTree | +-- topojson-client@3.0.0
128 silly idealTree | +-- topojson-server@3.0.0
128 silly idealTree | `-- topojson-simplify@3.0.0
128 silly idealTree +-- transformers@2.1.0
128 silly idealTree | +-- is-promise@1.0.1
128 silly idealTree | +-- promise@2.0.0
128 silly idealTree | +-- source-map@0.1.43
128 silly idealTree | `-- uglify-js@2.2.5
128 silly idealTree +-- typedarray@0.0.6
128 silly idealTree +-- uglify-js@2.7.5
128 silly idealTree | +-- async@0.2.10
128 silly idealTree | `-- source-map@0.5.6
128 silly idealTree +-- uglify-to-browserify@1.0.2
128 silly idealTree +-- unpipe@1.0.0
128 silly idealTree +-- util-deprecate@1.0.2
128 silly idealTree +-- utils-merge@1.0.0
128 silly idealTree +-- void-elements@2.0.1
128 silly idealTree +-- window-size@0.1.0
128 silly idealTree +-- with@4.0.3
128 silly idealTree | `-- acorn@1.2.2
128 silly idealTree +-- wordwrap@0.0.3
128 silly idealTree +-- wrappy@1.0.2
128 silly idealTree +-- xmlhttprequest@1.8.0
128 silly idealTree +-- xtend@4.0.1
128 silly idealTree `-- yargs@3.10.0
129 silly generateActionsToTake Starting
130 silly install generateActionsToTake
131 silly generateActionsToTake Finishing
132 silly diffTrees action count 2
133 silly diffTrees add nan@2.5.1
134 silly diffTrees add oracledb@1.13.1
135 silly decomposeActions action count 16
136 silly decomposeActions fetch nan@2.5.1
137 silly decomposeActions extract nan@2.5.1
138 silly decomposeActions test nan@2.5.1
139 silly decomposeActions preinstall nan@2.5.1
140 silly decomposeActions build nan@2.5.1
141 silly decomposeActions install nan@2.5.1
142 silly decomposeActions postinstall nan@2.5.1
143 silly decomposeActions finalize nan@2.5.1
144 silly decomposeActions fetch oracledb@1.13.1
145 silly decomposeActions extract oracledb@1.13.1
146 silly decomposeActions test oracledb@1.13.1
147 silly decomposeActions preinstall oracledb@1.13.1
148 silly decomposeActions build oracledb@1.13.1
149 silly decomposeActions install oracledb@1.13.1
150 silly decomposeActions postinstall oracledb@1.13.1
151 silly decomposeActions finalize oracledb@1.13.1
152 silly executeActions Starting
153 silly install executeActions
154 silly doSerial global-install 0
155 silly doParallel fetch 2
156 verbose correctMkdir C:\Users\Will\AppData\Roaming\npm-cache\_locks correctMkdir not in flight; initializing
157 verbose lock using C:\Users\Will\AppData\Roaming\npm-cache\_locks\staging-f635004f9ad66f6a.lock for C:\Users\Will\Documents\Penn 16-17\CIS 450\Project\CIS550-Project\MyAppNode\node_modules\.staging
158 silly doParallel extract 2
159 silly extract nan@2.5.1
160 silly extract oracledb@1.13.1
161 verbose unbuild node_modules\.staging\nan-f7a474cd
162 verbose unbuild node_modules\.staging\oracledb-1732b56c
163 silly gentlyRm C:\Users\Will\Documents\Penn 16-17\CIS 450\Project\CIS550-Project\MyAppNode\node_modules\.staging\nan-f7a474cd is being purged from base C:\Users\Will\Documents\Penn 16-17\CIS 450\Project\CIS550-Project\MyAppNode
164 verbose gentlyRm don't care about contents; nuking C:\Users\Will\Documents\Penn 16-17\CIS 450\Project\CIS550-Project\MyAppNode\node_modules\.staging\nan-f7a474cd
165 silly gentlyRm C:\Users\Will\Documents\Penn 16-17\CIS 450\Project\CIS550-Project\MyAppNode\node_modules\.staging\oracledb-1732b56c is being purged from base C:\Users\Will\Documents\Penn 16-17\CIS 450\Project\CIS550-Project\MyAppNode
166 verbose gentlyRm don't care about contents; nuking C:\Users\Will\Documents\Penn 16-17\CIS 450\Project\CIS550-Project\MyAppNode\node_modules\.staging\oracledb-1732b56c
167 verbose tar unpack C:\Users\Will\AppData\Roaming\npm-cache\nan\2.5.1\package.tgz
168 verbose tar unpacking to C:\Users\Will\Documents\Penn 16-17\CIS 450\Project\CIS550-Project\MyAppNode\node_modules\.staging\nan-f7a474cd
169 silly gentlyRm C:\Users\Will\Documents\Penn 16-17\CIS 450\Project\CIS550-Project\MyAppNode\node_modules\.staging\nan-f7a474cd is being purged
170 verbose gentlyRm don't care about contents; nuking C:\Users\Will\Documents\Penn 16-17\CIS 450\Project\CIS550-Project\MyAppNode\node_modules\.staging\nan-f7a474cd
171 verbose tar unpack C:\Users\Will\AppData\Roaming\npm-cache\oracledb\1.13.1\package.tgz
172 verbose tar unpacking to C:\Users\Will\Documents\Penn 16-17\CIS 450\Project\CIS550-Project\MyAppNode\node_modules\.staging\oracledb-1732b56c
173 silly gentlyRm C:\Users\Will\Documents\Penn 16-17\CIS 450\Project\CIS550-Project\MyAppNode\node_modules\.staging\oracledb-1732b56c is being purged
174 verbose gentlyRm don't care about contents; nuking C:\Users\Will\Documents\Penn 16-17\CIS 450\Project\CIS550-Project\MyAppNode\node_modules\.staging\oracledb-1732b56c
175 silly gunzTarPerm modes [ '777', '666' ]
176 silly gunzTarPerm modes [ '777', '666' ]
177 silly gunzTarPerm extractEntry package.json
178 silly gunzTarPerm modified mode [ 'package.json', 436, 438 ]
179 silly gunzTarPerm extractEntry README.md
180 silly gunzTarPerm modified mode [ 'README.md', 436, 438 ]
181 silly gunzTarPerm extractEntry include_dirs.js
182 silly gunzTarPerm modified mode [ 'include_dirs.js', 436, 438 ]
183 silly gunzTarPerm extractEntry package.json
184 silly gunzTarPerm modified mode [ 'package.json', 420, 438 ]
185 silly gunzTarPerm extractEntry README.md
186 silly gunzTarPerm modified mode [ 'README.md', 420, 438 ]
187 silly gunzTarPerm extractEntry index.js
188 silly gunzTarPerm modified mode [ 'index.js', 420, 438 ]
189 silly gunzTarPerm extractEntry nan_converters.h
190 silly gunzTarPerm modified mode [ 'nan_converters.h', 436, 438 ]
191 silly gunzTarPerm extractEntry CHANGELOG.md
192 silly gunzTarPerm modified mode [ 'CHANGELOG.md', 436, 438 ]
193 silly gunzTarPerm extractEntry LICENSE.md
194 silly gunzTarPerm modified mode [ 'LICENSE.md', 436, 438 ]
195 silly gunzTarPerm extractEntry CHANGELOG.md
196 silly gunzTarPerm modified mode [ 'CHANGELOG.md', 420, 438 ]
197 silly gunzTarPerm extractEntry LICENSE.md
198 silly gunzTarPerm modified mode [ 'LICENSE.md', 420, 438 ]
199 silly gunzTarPerm extractEntry doc/node_misc.md
200 silly gunzTarPerm modified mode [ 'doc/node_misc.md', 436, 438 ]
201 silly gunzTarPerm extractEntry doc/asyncworker.md
202 silly gunzTarPerm modified mode [ 'doc/asyncworker.md', 436, 438 ]
203 silly gunzTarPerm extractEntry doc/callback.md
204 silly gunzTarPerm modified mode [ 'doc/callback.md', 436, 438 ]
205 silly gunzTarPerm extractEntry binding.gyp
206 silly gunzTarPerm modified mode [ 'binding.gyp', 420, 438 ]
207 silly gunzTarPerm extractEntry lib/connection.js
208 silly gunzTarPerm modified mode [ 'lib/connection.js', 420, 438 ]
209 silly gunzTarPerm extractEntry lib/lob.js
210 silly gunzTarPerm modified mode [ 'lib/lob.js', 420, 438 ]
211 silly gunzTarPerm extractEntry lib/oracledb.js
212 silly gunzTarPerm modified mode [ 'lib/oracledb.js', 420, 438 ]
213 silly gunzTarPerm extractEntry lib/pool.js
214 silly gunzTarPerm modified mode [ 'lib/pool.js', 420, 438 ]
215 silly gunzTarPerm extractEntry doc/converters.md
216 silly gunzTarPerm modified mode [ 'doc/converters.md', 436, 438 ]
217 silly gunzTarPerm extractEntry doc/errors.md
218 silly gunzTarPerm modified mode [ 'doc/errors.md', 436, 438 ]
219 silly gunzTarPerm extractEntry lib/querystream.js
220 silly gunzTarPerm modified mode [ 'lib/querystream.js', 420, 438 ]
221 silly gunzTarPerm extractEntry doc/maybe_types.md
222 silly gunzTarPerm modified mode [ 'doc/maybe_types.md', 436, 438 ]
223 silly gunzTarPerm extractEntry doc/methods.md
224 silly gunzTarPerm modified mode [ 'doc/methods.md', 436, 438 ]
225 silly gunzTarPerm extractEntry doc/new.md
226 silly gunzTarPerm modified mode [ 'doc/new.md', 436, 438 ]
227 silly gunzTarPerm extractEntry lib/resultset.js
228 silly gunzTarPerm modified mode [ 'lib/resultset.js', 420, 438 ]
229 silly gunzTarPerm extractEntry lib/util.js
230 silly gunzTarPerm modified mode [ 'lib/util.js', 420, 438 ]
231 silly gunzTarPerm extractEntry src/dpi/include/dpi.h
232 silly gunzTarPerm modified mode [ 'src/dpi/include/dpi.h', 420, 438 ]
233 silly gunzTarPerm extractEntry src/dpi/include/dpiCommon.h
234 silly gunzTarPerm modified mode [ 'src/dpi/include/dpiCommon.h', 420, 438 ]
235 silly gunzTarPerm extractEntry src/dpi/include/dpiConn.h
236 silly gunzTarPerm modified mode [ 'src/dpi/include/dpiConn.h', 420, 438 ]
237 silly gunzTarPerm extractEntry doc/buffers.md
238 silly gunzTarPerm modified mode [ 'doc/buffers.md', 436, 438 ]
239 silly gunzTarPerm extractEntry doc/object_wrappers.md
240 silly gunzTarPerm modified mode [ 'doc/object_wrappers.md', 436, 438 ]
241 silly gunzTarPerm extractEntry src/dpi/include/dpiDateTimeArray.h
242 silly gunzTarPerm modified mode [ 'src/dpi/include/dpiDateTimeArray.h', 420, 438 ]
243 silly gunzTarPerm extractEntry src/dpi/include/dpiEnv.h
244 silly gunzTarPerm modified mode [ 'src/dpi/include/dpiEnv.h', 420, 438 ]
245 silly gunzTarPerm extractEntry doc/persistent.md
246 silly gunzTarPerm modified mode [ 'doc/persistent.md', 436, 438 ]
247 silly gunzTarPerm extractEntry doc/scopes.md
248 silly gunzTarPerm modified mode [ 'doc/scopes.md', 436, 438 ]
249 silly gunzTarPerm extractEntry src/dpi/include/dpiException.h
250 silly gunzTarPerm modified mode [ 'src/dpi/include/dpiException.h', 420, 438 ]
251 silly gunzTarPerm extractEntry src/dpi/include/dpiLob.h
252 silly gunzTarPerm modified mode [ 'src/dpi/include/dpiLob.h', 420, 438 ]
253 silly gunzTarPerm extractEntry doc/script.md
254 silly gunzTarPerm modified mode [ 'doc/script.md', 436, 438 ]
255 silly gunzTarPerm extractEntry doc/string_bytes.md
256 silly gunzTarPerm modified mode [ 'doc/string_bytes.md', 436, 438 ]
257 silly gunzTarPerm extractEntry src/dpi/include/dpiPool.h
258 silly gunzTarPerm modified mode [ 'src/dpi/include/dpiPool.h', 420, 438 ]
259 silly gunzTarPerm extractEntry src/dpi/include/dpiStmt.h
260 silly gunzTarPerm modified mode [ 'src/dpi/include/dpiStmt.h', 420, 438 ]
261 silly gunzTarPerm extractEntry doc/v8_internals.md
262 silly gunzTarPerm modified mode [ 'doc/v8_internals.md', 436, 438 ]
263 silly gunzTarPerm extractEntry doc/v8_misc.md
264 silly gunzTarPerm modified mode [ 'doc/v8_misc.md', 436, 438 ]
265 silly gunzTarPerm extractEntry src/dpi/src/dpiExceptionImpl.cpp
266 silly gunzTarPerm modified mode [ 'src/dpi/src/dpiExceptionImpl.cpp', 420, 438 ]
267 silly gunzTarPerm extractEntry src/dpi/src/dpiCommon.cpp
268 silly gunzTarPerm modified mode [ 'src/dpi/src/dpiCommon.cpp', 420, 438 ]
269 silly gunzTarPerm extractEntry src/dpi/src/dpiConnImpl.h
270 silly gunzTarPerm modified mode [ 'src/dpi/src/dpiConnImpl.h', 420, 438 ]
271 silly gunzTarPerm extractEntry src/dpi/src/dpiDateTimeArrayImpl.cpp
272 silly gunzTarPerm modified mode [ 'src/dpi/src/dpiDateTimeArrayImpl.cpp', 420, 438 ]
273 silly gunzTarPerm extractEntry nan.h
274 silly gunzTarPerm modified mode [ 'nan.h', 436, 438 ]
275 silly gunzTarPerm extractEntry nan_callbacks.h
276 silly gunzTarPerm modified mode [ 'nan_callbacks.h', 436, 438 ]
277 silly gunzTarPerm extractEntry nan_callbacks_12_inl.h
278 silly gunzTarPerm modified mode [ 'nan_callbacks_12_inl.h', 436, 438 ]
279 silly gunzTarPerm extractEntry nan_callbacks_pre_12_inl.h
280 silly gunzTarPerm modified mode [ 'nan_callbacks_pre_12_inl.h', 436, 438 ]
281 silly gunzTarPerm extractEntry src/dpi/src/dpiDateTimeArrayImpl.h
282 silly gunzTarPerm modified mode [ 'src/dpi/src/dpiDateTimeArrayImpl.h', 420, 438 ]
283 silly gunzTarPerm extractEntry src/dpi/src/dpiEnv.cpp
284 silly gunzTarPerm modified mode [ 'src/dpi/src/dpiEnv.cpp', 420, 438 ]
285 silly gunzTarPerm extractEntry nan_converters_43_inl.h
286 silly gunzTarPerm modified mode [ 'nan_converters_43_inl.h', 436, 438 ]
287 silly gunzTarPerm extractEntry nan_converters_pre_43_inl.h
288 silly gunzTarPerm modified mode [ 'nan_converters_pre_43_inl.h', 436, 438 ]
289 silly gunzTarPerm extractEntry nan_implementation_12_inl.h
290 silly gunzTarPerm modified mode [ 'nan_implementation_12_inl.h', 436, 438 ]
291 silly gunzTarPerm extractEntry src/dpi/src/dpiEnvImpl.cpp
292 silly gunzTarPerm modified mode [ 'src/dpi/src/dpiEnvImpl.cpp', 420, 438 ]
293 silly gunzTarPerm extractEntry src/dpi/src/dpiEnvImpl.h
294 silly gunzTarPerm modified mode [ 'src/dpi/src/dpiEnvImpl.h', 420, 438 ]
295 silly gunzTarPerm extractEntry nan_implementation_pre_12_inl.h
296 silly gunzTarPerm modified mode [ 'nan_implementation_pre_12_inl.h', 436, 438 ]
297 silly gunzTarPerm extractEntry src/dpi/src/dpiException.cpp
298 silly gunzTarPerm modified mode [ 'src/dpi/src/dpiException.cpp', 420, 438 ]
299 silly gunzTarPerm extractEntry src/dpi/src/dpiConnImpl.cpp
300 silly gunzTarPerm modified mode [ 'src/dpi/src/dpiConnImpl.cpp', 420, 438 ]
301 silly gunzTarPerm extractEntry nan_maybe_43_inl.h
302 silly gunzTarPerm modified mode [ 'nan_maybe_43_inl.h', 436, 438 ]
303 silly gunzTarPerm extractEntry nan_maybe_pre_43_inl.h
304 silly gunzTarPerm modified mode [ 'nan_maybe_pre_43_inl.h', 436, 438 ]
305 silly gunzTarPerm extractEntry nan_new.h
306 silly gunzTarPerm modified mode [ 'nan_new.h', 436, 438 ]
307 silly gunzTarPerm extractEntry nan_object_wrap.h
308 silly gunzTarPerm modified mode [ 'nan_object_wrap.h', 436, 438 ]
309 silly gunzTarPerm extractEntry src/dpi/src/dpiExceptionImpl.h
310 silly gunzTarPerm modified mode [ 'src/dpi/src/dpiExceptionImpl.h', 420, 438 ]
311 silly gunzTarPerm extractEntry src/dpi/src/dpiLob.cpp
312 silly gunzTarPerm modified mode [ 'src/dpi/src/dpiLob.cpp', 420, 438 ]
313 silly gunzTarPerm extractEntry nan_persistent_12_inl.h
314 silly gunzTarPerm modified mode [ 'nan_persistent_12_inl.h', 436, 438 ]
315 silly gunzTarPerm extractEntry nan_persistent_pre_12_inl.h
316 silly gunzTarPerm modified mode [ 'nan_persistent_pre_12_inl.h', 436, 438 ]
317 silly gunzTarPerm extractEntry nan_private.h
318 silly gunzTarPerm modified mode [ 'nan_private.h', 436, 438 ]
319 silly gunzTarPerm extractEntry nan_string_bytes.h
320 silly gunzTarPerm modified mode [ 'nan_string_bytes.h', 436, 438 ]
321 silly gunzTarPerm extractEntry src/dpi/src/dpiPoolImpl.cpp
322 silly gunzTarPerm modified mode [ 'src/dpi/src/dpiPoolImpl.cpp', 420, 438 ]
323 silly gunzTarPerm extractEntry src/dpi/src/dpiPoolImpl.h
324 silly gunzTarPerm modified mode [ 'src/dpi/src/dpiPoolImpl.h', 420, 438 ]
325 silly gunzTarPerm extractEntry nan_typedarray_contents.h
326 silly gunzTarPerm modified mode [ 'nan_typedarray_contents.h', 436, 438 ]
327 silly gunzTarPerm extractEntry nan_weak.h
328 silly gunzTarPerm modified mode [ 'nan_weak.h', 436, 438 ]
329 silly gunzTarPerm extractEntry src/dpi/src/dpiStmtImpl.cpp
330 silly gunzTarPerm modified mode [ 'src/dpi/src/dpiStmtImpl.cpp', 420, 438 ]
331 silly gunzTarPerm extractEntry src/dpi/src/dpiStmtImpl.h
332 silly gunzTarPerm modified mode [ 'src/dpi/src/dpiStmtImpl.h', 420, 438 ]
333 silly gunzTarPerm extractEntry src/dpi/src/dpiUtils.cpp
334 silly gunzTarPerm modified mode [ 'src/dpi/src/dpiUtils.cpp', 420, 438 ]
335 silly gunzTarPerm extractEntry src/dpi/src/dpiUtils.h
336 silly gunzTarPerm modified mode [ 'src/dpi/src/dpiUtils.h', 420, 438 ]
337 silly gunzTarPerm extractEntry tools/package.json
338 silly gunzTarPerm modified mode [ 'tools/package.json', 436, 438 ]
339 silly gunzTarPerm extractEntry tools/README.md
340 silly gunzTarPerm modified mode [ 'tools/README.md', 436, 438 ]
341 silly gunzTarPerm extractEntry tools/1to2.js
342 silly gunzTarPerm modified mode [ 'tools/1to2.js', 509, 511 ]
343 silly gunzTarPerm extractEntry src/njs/src/njsOracle.cpp
344 silly gunzTarPerm modified mode [ 'src/njs/src/njsOracle.cpp', 420, 438 ]
345 silly gunzTarPerm extractEntry src/njs/src/njsConnection.cpp
346 silly gunzTarPerm modified mode [ 'src/njs/src/njsConnection.cpp', 420, 438 ]
347 silly gunzTarPerm extractEntry src/njs/src/njsIntLob.cpp
348 silly gunzTarPerm modified mode [ 'src/njs/src/njsIntLob.cpp', 420, 438 ]
349 silly gunzTarPerm extractEntry src/njs/src/njsIntLob.h
350 silly gunzTarPerm modified mode [ 'src/njs/src/njsIntLob.h', 420, 438 ]
351 silly gunzTarPerm extractEntry src/njs/src/njsMessages.cpp
352 silly gunzTarPerm modified mode [ 'src/njs/src/njsMessages.cpp', 420, 438 ]
353 silly gunzTarPerm extractEntry src/njs/src/njsMessages.h
354 silly gunzTarPerm modified mode [ 'src/njs/src/njsMessages.h', 420, 438 ]
355 silly gunzTarPerm extractEntry src/njs/src/njsConnection.h
356 silly gunzTarPerm modified mode [ 'src/njs/src/njsConnection.h', 420, 438 ]
357 silly gunzTarPerm extractEntry src/njs/src/njsOracle.h
358 silly gunzTarPerm modified mode [ 'src/njs/src/njsOracle.h', 420, 438 ]
359 silly gunzTarPerm extractEntry src/njs/src/njsPool.cpp
360 silly gunzTarPerm modified mode [ 'src/njs/src/njsPool.cpp', 420, 438 ]
361 silly gunzTarPerm extractEntry src/njs/src/njsPool.h
362 silly gunzTarPerm modified mode [ 'src/njs/src/njsPool.h', 420, 438 ]
363 silly gunzTarPerm extractEntry src/njs/src/njsResultSet.cpp
364 silly gunzTarPerm modified mode [ 'src/njs/src/njsResultSet.cpp', 420, 438 ]
365 silly gunzTarPerm extractEntry src/njs/src/njsResultSet.h
366 silly gunzTarPerm modified mode [ 'src/njs/src/njsResultSet.h', 420, 438 ]
367 silly gunzTarPerm extractEntry src/njs/src/njsUtils.h
368 silly gunzTarPerm modified mode [ 'src/njs/src/njsUtils.h', 420, 438 ]
369 silly gentlyRm C:\Users\Will\Documents\Penn 16-17\CIS 450\Project\CIS550-Project\MyAppNode\node_modules\.staging\nan-f7a474cd\node_modules is being purged
370 verbose gentlyRm don't care about contents; nuking C:\Users\Will\Documents\Penn 16-17\CIS 450\Project\CIS550-Project\MyAppNode\node_modules\.staging\nan-f7a474cd\node_modules
371 silly gentlyRm C:\Users\Will\Documents\Penn 16-17\CIS 450\Project\CIS550-Project\MyAppNode\node_modules\.staging\oracledb-1732b56c\node_modules is being purged
372 verbose gentlyRm don't care about contents; nuking C:\Users\Will\Documents\Penn 16-17\CIS 450\Project\CIS550-Project\MyAppNode\node_modules\.staging\oracledb-1732b56c\node_modules
373 silly doParallel preinstall 2
374 silly preinstall nan@2.5.1 C:\Users\Will\Documents\Penn 16-17\CIS 450\Project\CIS550-Project\MyAppNode\node_modules\.staging\nan-f7a474cd
375 info lifecycle nan@2.5.1~preinstall: nan@2.5.1
376 silly preinstall oracledb@1.13.1 C:\Users\Will\Documents\Penn 16-17\CIS 450\Project\CIS550-Project\MyAppNode\node_modules\.staging\oracledb-1732b56c
377 info lifecycle oracledb@1.13.1~preinstall: oracledb@1.13.1
378 silly lifecycle nan@2.5.1~preinstall: no script for preinstall, continuing
379 silly lifecycle oracledb@1.13.1~preinstall: no script for preinstall, continuing
380 silly doReverseSerial remove 0
381 silly doSerial move 0
382 silly doSerial finalize 2
383 silly finalize C:\Users\Will\Documents\Penn 16-17\CIS 450\Project\CIS550-Project\MyAppNode\node_modules\nan
384 silly finalize C:\Users\Will\Documents\Penn 16-17\CIS 450\Project\CIS550-Project\MyAppNode\node_modules\oracledb
385 silly doSerial build 2
386 silly build nan@2.5.1
387 info linkStuff nan@2.5.1
388 silly linkStuff nan@2.5.1 has C:\Users\Will\Documents\Penn 16-17\CIS 450\Project\CIS550-Project\MyAppNode\node_modules as its parent node_modules
389 verbose linkBins nan@2.5.1
390 verbose linkMans nan@2.5.1
391 silly build oracledb@1.13.1
392 info linkStuff oracledb@1.13.1
393 silly linkStuff oracledb@1.13.1 has C:\Users\Will\Documents\Penn 16-17\CIS 450\Project\CIS550-Project\MyAppNode\node_modules as its parent node_modules
394 verbose linkBins oracledb@1.13.1
395 verbose linkMans oracledb@1.13.1
396 silly doSerial global-link 0
397 silly doParallel update-linked 0
398 silly doSerial install 2
399 silly install nan@2.5.1 C:\Users\Will\Documents\Penn 16-17\CIS 450\Project\CIS550-Project\MyAppNode\node_modules\.staging\nan-f7a474cd
400 info lifecycle nan@2.5.1~install: nan@2.5.1
401 silly lifecycle nan@2.5.1~install: no script for install, continuing
402 silly install oracledb@1.13.1 C:\Users\Will\Documents\Penn 16-17\CIS 450\Project\CIS550-Project\MyAppNode\node_modules\.staging\oracledb-1732b56c
403 info lifecycle oracledb@1.13.1~install: oracledb@1.13.1
404 verbose lifecycle oracledb@1.13.1~install: unsafe-perm in lifecycle true
405 verbose lifecycle oracledb@1.13.1~install: PATH: C:\Program Files\nodejs\node_modules\npm\bin\node-gyp-bin;C:\Users\Will\Documents\Penn 16-17\CIS 450\Project\CIS550-Project\MyAppNode\node_modules\oracledb\node_modules\.bin;C:\Users\Will\Documents\Penn 16-17\CIS 450\Project\CIS550-Project\MyAppNode\node_modules\.bin;C:\Program Files\nodejs;C:\Users\Will\AppData\Local\.meteor;C:\OCaml\bin;C:\ProgramData\Oracle\Java\javapath;c:\Program Files (x86)\Intel\iCLS Client\;c:\Program Files\Intel\iCLS Client\;C:\Windows\system32;C:\Windows;C:\Windows\System32\Wbem;C:\Windows\System32\WindowsPowerShell\v1.0\;C:\Program Files\Intel\WiFi\bin\;C:\Program Files\Common Files\Intel\WirelessCommon\;C:\Program Files\Intel\Intel(R) Management Engine Components\DAL;C:\Program Files\Intel\Intel(R) Management Engine Components\IPT;C:\Program Files (x86)\Intel\Intel(R) Management Engine Components\DAL;C:\Program Files (x86)\Intel\Intel(R) Management Engine Components\IPT;C:\Program Files (x86)\NVIDIA Corporation\PhysX\Common;C:\WINDOWS\system32;C:\WINDOWS;C:\WINDOWS\System32\Wbem;C:\WINDOWS\System32\WindowsPowerShell\v1.0\;C:\Program Files (x86)\MiKTeX 2.9\miktex\bin\;C:\Program Files (x86)\Skype\Phone\;C:\WINDOWS\system32;C:\WINDOWS;C:\WINDOWS\System32\Wbem;C:\WINDOWS\System32\WindowsPowerShell\v1.0\;C:\Program Files (x86)\Windows Live\Shared;C:\Program Files (x86)\PuTTY\;C:\Program Files\nodejs\;C:\Program Files\Git\cmd;C:\Program Files (x86)\BaseX\bin;C:\Users\Will\AppData\Local\.meteor\;C:\Program Files\Docker Toolbox;C:\Program Files (x86)\Microsoft VS Code\bin;C:\Users\Will\AppData\Roaming\npm;%USERPROFILE%\AppData\Local\Microsoft\WindowsApps;
406 verbose lifecycle oracledb@1.13.1~install: CWD: C:\Users\Will\Documents\Penn 16-17\CIS 450\Project\CIS550-Project\MyAppNode\node_modules\oracledb
407 silly lifecycle oracledb@1.13.1~install: Args: [ '/d /s /c', 'node-gyp rebuild' ]
408 silly lifecycle oracledb@1.13.1~install: Returned: code: 1  signal: null
409 info lifecycle oracledb@1.13.1~install: Failed to exec install script
410 verbose unlock done using C:\Users\Will\AppData\Roaming\npm-cache\_locks\staging-f635004f9ad66f6a.lock for C:\Users\Will\Documents\Penn 16-17\CIS 450\Project\CIS550-Project\MyAppNode\node_modules\.staging
411 silly rollbackFailedOptional Starting
412 silly rollbackFailedOptional Finishing
413 silly runTopLevelLifecycles Starting
414 silly runTopLevelLifecycles Finishing
415 silly install printInstalled
416 verbose stack Error: oracledb@1.13.1 install: `node-gyp rebuild`
416 verbose stack Exit status 1
416 verbose stack     at EventEmitter.<anonymous> (C:\Program Files\nodejs\node_modules\npm\lib\utils\lifecycle.js:242:16)
416 verbose stack     at emitTwo (events.js:106:13)
416 verbose stack     at EventEmitter.emit (events.js:191:7)
416 verbose stack     at ChildProcess.<anonymous> (C:\Program Files\nodejs\node_modules\npm\lib\utils\spawn.js:40:14)
416 verbose stack     at emitTwo (events.js:106:13)
416 verbose stack     at ChildProcess.emit (events.js:191:7)
416 verbose stack     at maybeClose (internal/child_process.js:852:16)
416 verbose stack     at Process.ChildProcess._handle.onexit (internal/child_process.js:215:5)
417 verbose pkgid oracledb@1.13.1
418 verbose cwd C:\Users\Will\Documents\Penn 16-17\CIS 450\Project\CIS550-Project\MyAppNode
419 error Windows_NT 10.0.14393
420 error argv "C:\\Program Files\\nodejs\\node.exe" "C:\\Program Files\\nodejs\\node_modules\\npm\\bin\\npm-cli.js" "install" "--save" "oracledb"
421 error node v6.3.1
422 error npm  v3.10.3
423 error code ELIFECYCLE
424 error oracledb@1.13.1 install: `node-gyp rebuild`
424 error Exit status 1
425 error Failed at the oracledb@1.13.1 install script 'node-gyp rebuild'.
425 error Make sure you have the latest version of node.js and npm installed.
425 error If you do, this is most likely a problem with the oracledb package,
425 error not with npm itself.
425 error Tell the author that this fails on your system:
425 error     node-gyp rebuild
425 error You can get information on how to open an issue for this project with:
425 error     npm bugs oracledb
425 error Or if that isn't available, you can get their info via:
425 error     npm owner ls oracledb
425 error There is likely additional logging output above.
426 verbose exit [ 1, true ]
